This is pdfTeXk, Version 3.141592-1.40.3 (Web2C 7.5.6) (format=pdflatex_ml 2008.8.22)  15 MAY 2024 11:07
 %&-line parsing enabled.
**&pdflatex_ml C:/Users/iamcl/AppData/Local/Temp/swp0000.tex
(c:/Users/iamcl/AppData/Local/Temp/swp0000.tex
LaTeX2e <2003/12/01>
Babel <v3.8a> and hyphenation patterns for american, english, french, german, n
german, loaded.
(c:/swp55/TCITeX/tex/latex/base/article.cls
Document Class: article 2004/02/16 v1.4f Standard LaTeX document class
(c:/swp55/TCITeX/tex/latex/base/size10.clo
File: size10.clo 2004/02/16 v1.4f Standard LaTeX file (size option)
)
\c@part=\count79
\c@section=\count80
\c@subsection=\count81
\c@subsubsection=\count82
\c@paragraph=\count83
\c@subparagraph=\count84
\c@figure=\count85
\c@table=\count86
\abovecaptionskip=\skip41
\belowcaptionskip=\skip42
\bibindent=\dimen102
)
(c:/swp55/TCITeX/tex/latex/required/graphics/graphicx.sty
Package: graphicx 1999/02/16 v1.0f Enhanced LaTeX Graphics (DPC,SPQR)

(c:/swp55/TCITeX/tex/latex/required/graphics/keyval.sty
Package: keyval 1999/03/16 v1.13 key=value parser (DPC)
\KV@toks@=\toks14
)
(c:/swp55/TCITeX/tex/latex/required/graphics/graphics.sty
Package: graphics 2001/07/07 v1.0n Standard LaTeX Graphics (DPC,SPQR)

(c:/swp55/TCITeX/tex/latex/required/graphics/trig.sty
Package: trig 1999/03/16 v1.09 sin cos tan (DPC)
)
(c:/swp55/TCITeX/tex/latex/required/graphics/graphics.cfg
File: graphics.cfg 
)
Package graphics Info: Driver file: pdftex.def on input line 80.

(c:/swp55/TCITeX/tex/latex/required/graphics/pdftex.def
File: pdftex.def 2007/01/08 v0.04d Graphics/color for pdfTeX
\Gread@gobject=\count87
))
\Gin@req@height=\dimen103
\Gin@req@width=\dimen104
)
\c@theorem=\count88

(c:/swp55/TCITeX/tex/latex/SWmacros/tcilatex.tex
TCILATEX Macros for Scientific Word and Scientific WorkPlace 5.5 <06 Oct 2005>.

NOTICE: This macro file is NOT proprietary and may be freely copied and distrib
uted.
\msipdfoutput=\count89
\@hour=\count90
\@minute=\count91
\GRAPHICSTYPE=\count92
\@msidraft=\count93
\dispkind=\count94
\c@chapter=\count95
\theight=\dimen105
LaTeX Info: Redefining \rm on input line 653.
LaTeX Info: Redefining \sf on input line 654.
LaTeX Info: Redefining \tt on input line 655.
LaTeX Info: Redefining \bf on input line 656.
LaTeX Info: Redefining \it on input line 657.
LaTeX Info: Redefining \sl on input line 658.
LaTeX Info: Redefining \sc on input line 659.
\c@equationnumber=\count96
\temptoksa=\toks15
\temptoksb=\toks16
\temptoksc=\toks17
(c:/swp55/TCITeX/tex/latex/amsmath/amsmath.sty
Package: amsmath 2000/07/18 v2.13 AMS math features
\@mathmargin=\skip43

For additional information on amsmath, use the `?' option.
(c:/swp55/TCITeX/tex/latex/amsmath/amstext.sty
Package: amstext 2000/06/29 v2.01

(c:/swp55/TCITeX/tex/latex/amsmath/amsgen.sty
File: amsgen.sty 1999/11/30 v2.0
\@emptytoks=\toks18
\ex@=\dimen106
))
(c:/swp55/TCITeX/tex/latex/amsmath/amsbsy.sty
Package: amsbsy 1999/11/29 v1.2d
\pmbraise@=\dimen107
)
(c:/swp55/TCITeX/tex/latex/amsmath/amsopn.sty
Package: amsopn 1999/12/14 v2.01 operator names
)
\inf@bad=\count97
LaTeX Info: Redefining \frac on input line 211.
\uproot@=\count98
\leftroot@=\count99
LaTeX Info: Redefining \overline on input line 307.
\classnum@=\count100
\DOTSCASE@=\count101
LaTeX Info: Redefining \ldots on input line 379.
LaTeX Info: Redefining \dots on input line 382.
LaTeX Info: Redefining \cdots on input line 467.
\Mathstrutbox@=\box26
\strutbox@=\box27
\big@size=\dimen108
LaTeX Font Info:    Redeclaring font encoding OML on input line 567.
LaTeX Font Info:    Redeclaring font encoding OMS on input line 568.
\macc@depth=\count102
\c@MaxMatrixCols=\count103
\dotsspace@=\muskip10
\c@parentequation=\count104
\dspbrk@lvl=\count105
\tag@help=\toks19
\row@=\count106
\column@=\count107
\maxfields@=\count108
\andhelp@=\toks20
\eqnshift@=\dimen109
\alignsep@=\dimen110
\tagshift@=\dimen111
\tagwidth@=\dimen112
\totwidth@=\dimen113
\lineht@=\dimen114
\@envbody=\toks21
\multlinegap=\skip44
\multlinetaggap=\skip45
\mathdisplay@stack=\toks22
LaTeX Info: Redefining \[ on input line 2666.
LaTeX Info: Redefining \] on input line 2667.
)) (./swp0000.aux)
\openout1 = `swp0000.aux'.

LaTeX Font Info:    Checking defaults for OML/cmm/m/it on input line 38.
LaTeX Font Info:    ... okay on input line 38.
LaTeX Font Info:    Checking defaults for T1/cmr/m/n on input line 38.
LaTeX Font Info:    ... okay on input line 38.
LaTeX Font Info:    Checking defaults for OT1/cmr/m/n on input line 38.
LaTeX Font Info:    ... okay on input line 38.
LaTeX Font Info:    Checking defaults for OMS/cmsy/m/n on input line 38.
LaTeX Font Info:    ... okay on input line 38.
LaTeX Font Info:    Checking defaults for OMX/cmex/m/n on input line 38.
LaTeX Font Info:    ... okay on input line 38.
LaTeX Font Info:    Checking defaults for U/cmr/m/n on input line 38.
LaTeX Font Info:    ... okay on input line 38.
 (./swp0000.toc)
\tf@toc=\write3
\openout3 = `swp0000.toc'.


<C:/Users/iamcl/AppData/Local/Temp/graphics/SDAC2G01__1.pdf, id=1, 176.42313pt 
x 133.20364pt>
File: C:/Users/iamcl/AppData/Local/Temp/graphics/SDAC2G01__1.pdf Graphic file (
type pdf)

<use C:/Users/iamcl/AppData/Local/Temp/graphics/SDAC2G01__1.pdf> [1

{c:/swp55/TCITeX/fonts/map/pdftex/pdftex.map}]
<C:/Users/iamcl/AppData/Local/Temp/graphics/SDAC7B02__2.pdf, id=9, 156.585pt x 
109.11365pt>
File: C:/Users/iamcl/AppData/Local/Temp/graphics/SDAC7B02__2.pdf Graphic file (
type pdf)
 <use C:/Users/iamcl/AppData/Local/Temp/graphics/SDAC7B02__2.pdf>
<C:/Users/iamcl/AppData/Local/Temp/graphics/SDACA903__3.pdf, id=10, 172.17224pt
 x 121.86629pt>
File: C:/Users/iamcl/AppData/Local/Temp/graphics/SDACA903__3.pdf Graphic file (
type pdf)

<use C:/Users/iamcl/AppData/Local/Temp/graphics/SDACA903__3.pdf>
<C:/Users/iamcl/AppData/Local/Temp/graphics/SDACDE04__4.pdf, id=11, 257.90454pt
 x 208.30724pt>
File: C:/Users/iamcl/AppData/Local/Temp/graphics/SDACDE04__4.pdf Graphic file (
type pdf)

<use C:/Users/iamcl/AppData/Local/Temp/graphics/SDACDE04__4.pdf> [2 <c:/Users/i
amcl/AppData/Local/Temp/graphics/SDAC2G01__1.pdf> <c:/Users/iamcl/AppData/Local
/Temp/graphics/SDAC7B02__2.pdf> <c:/Users/iamcl/AppData/Local/Temp/graphics/SDA
CA903__3.pdf>]
<C:/Users/iamcl/AppData/Local/Temp/graphics/SDACVL05__5.pdf, id=25, 279.16095pt
 x 83.60635pt>
File: C:/Users/iamcl/AppData/Local/Temp/graphics/SDACVL05__5.pdf Graphic file (
type pdf)

<use C:/Users/iamcl/AppData/Local/Temp/graphics/SDACVL05__5.pdf> [3 <c:/Users/i
amcl/AppData/Local/Temp/graphics/SDACDE04__4.pdf>] [4 <c:/Users/iamcl/AppData/L
ocal/Temp/graphics/SDACVL05__5.pdf>] (./swp0000.aux) ) 
Here is how much of TeX's memory you used:
 1493 strings out of 95101
 17354 string characters out of 1183309
 69215 words of memory out of 1500000
 4607 multiletter control sequences out of 10000+50000
 11052 words of font info for 29 fonts, out of 1200000 for 2000
 22 hyphenation exceptions out of 8191
 29i,5n,20p,377b,191s stack positions out of 5000i,500n,6000p,200000b,5000s
{c:/swp55/TCITeX/fonts/ty
pe1/cmmi10.enc}<c:/swp55/TCITeX/fonts/truetype/cmmi10.ttf>{c:/swp55/TCITeX/font
s/type1/cmr10.enc}<c:/swp55/TCITeX/fonts/truetype/cmr10.ttf>{c:/swp55/TCITeX/fo
nts/type1/cmsy10.enc}<c:/swp55/TCITeX/fonts/truetype/cmsy10.ttf>{c:/swp55/TCITe
X/fonts/type1/dcti10.enc}<c:/swp55/TCITeX/fonts/truetype/dcti10.ttf>{c:/swp55/T
CITeX/fonts/type1/dcr10.enc}<c:/swp55/TCITeX/fonts/truetype/dcr10.ttf>{c:/swp55
/TCITeX/fonts/type1/dcbx10.enc}<c:/swp55/TCITeX/fonts/truetype/dcbx10.ttf>
Output written on swp0000.pdf (4 pages, 778027 bytes).
PDF statistics:
 59 PDF objects out of 1000 (max. 8388607)
 0 named destinations out of 1000 (max. 131072)
 26 words of extra memory for PDF output out of 10000 (max. 10000000)

